2025-01-28 23:20:25,849 INFO o.a.j.u.JMeterUtils: Setting Locale to en_EN
2025-01-28 23:20:25,859 INFO o.a.j.JMeter: Loading user properties from: C:\apache-jmeter-5.6.3\bin\user.properties
2025-01-28 23:20:25,859 INFO o.a.j.JMeter: Loading system properties from: C:\apache-jmeter-5.6.3\bin\system.properties
2025-01-28 23:20:25,864 INFO o.a.j.JMeter: Copyright (c) 1998-2024 The Apache Software Foundation
2025-01-28 23:20:25,865 INFO o.a.j.JMeter: Version 5.6.3
2025-01-28 23:20:25,865 INFO o.a.j.JMeter: java.version=1.8.0_441
2025-01-28 23:20:25,865 INFO o.a.j.JMeter: java.vm.name=Java HotSpot(TM) 64-Bit Server VM
2025-01-28 23:20:25,865 INFO o.a.j.JMeter: os.name=Windows 11
2025-01-28 23:20:25,865 INFO o.a.j.JMeter: os.arch=amd64
2025-01-28 23:20:25,865 INFO o.a.j.JMeter: os.version=10.0
2025-01-28 23:20:25,865 INFO o.a.j.JMeter: file.encoding=Cp1254
2025-01-28 23:20:25,865 INFO o.a.j.JMeter: java.awt.headless=true
2025-01-28 23:20:25,865 INFO o.a.j.JMeter: Max memory     =1073741824
2025-01-28 23:20:25,865 INFO o.a.j.JMeter: Available Processors =8
2025-01-28 23:20:25,868 INFO o.a.j.JMeter: Default Locale=English (EN)
2025-01-28 23:20:25,868 INFO o.a.j.JMeter: JMeter  Locale=English (EN)
2025-01-28 23:20:25,868 INFO o.a.j.JMeter: JMeterHome=C:\apache-jmeter-5.6.3
2025-01-28 23:20:25,868 INFO o.a.j.JMeter: user.dir  =C:\Users\tunca\Documents\api_testing
2025-01-28 23:20:25,868 INFO o.a.j.JMeter: PWD       =C:\Users\tunca\Documents\api_testing
2025-01-28 23:20:25,879 INFO o.a.j.JMeter: IP: 172.29.128.1 Name: Datalonga FullName: Datalonga.mshome.net
2025-01-28 23:20:25,892 INFO o.a.j.s.FileServer: Default base='C:\Users\tunca\Documents\api_testing'
2025-01-28 23:20:25,893 INFO o.a.j.s.FileServer: Set new base='C:\Users\tunca\Documents\api_testing\jmeter'
2025-01-28 23:20:25,993 INFO o.a.j.s.SaveService: Testplan (JMX) version: 2.2. Testlog (JTL) version: 2.2
2025-01-28 23:20:26,015 INFO o.a.j.s.SaveService: Using SaveService properties file encoding UTF-8
2025-01-28 23:20:26,019 INFO o.a.j.s.SaveService: Using SaveService properties version 5.0
2025-01-28 23:20:26,024 INFO o.a.j.s.SaveService: Loading file: jmeter\test-plan.jmx
2025-01-28 23:20:26,082 INFO o.a.j.p.h.s.HTTPSamplerBase: Parser for text/html is org.apache.jmeter.protocol.http.parser.LagartoBasedHtmlParser
2025-01-28 23:20:26,082 INFO o.a.j.p.h.s.HTTPSamplerBase: Parser for application/xhtml+xml is org.apache.jmeter.protocol.http.parser.LagartoBasedHtmlParser
2025-01-28 23:20:26,082 INFO o.a.j.p.h.s.HTTPSamplerBase: Parser for application/xml is org.apache.jmeter.protocol.http.parser.LagartoBasedHtmlParser
2025-01-28 23:20:26,082 INFO o.a.j.p.h.s.HTTPSamplerBase: Parser for text/xml is org.apache.jmeter.protocol.http.parser.LagartoBasedHtmlParser
2025-01-28 23:20:26,082 INFO o.a.j.p.h.s.HTTPSamplerBase: Parser for text/vnd.wap.wml is org.apache.jmeter.protocol.http.parser.RegexpHTMLParser
2025-01-28 23:20:26,082 INFO o.a.j.p.h.s.HTTPSamplerBase: Parser for text/css is org.apache.jmeter.protocol.http.parser.CssParser
2025-01-28 23:20:26,328 INFO o.a.j.JMeter: Creating summariser <summary>
2025-01-28 23:20:26,335 INFO o.a.j.e.StandardJMeterEngine: Running the test!
2025-01-28 23:20:26,335 INFO o.a.j.s.SampleEvent: List of sample_variables: []
2025-01-28 23:20:26,337 INFO o.a.j.s.SampleEvent: List of sample_variables: []
2025-01-28 23:20:26,340 INFO o.a.j.e.u.CompoundVariable: Note: Function class names must contain the string: '.functions.'
2025-01-28 23:20:26,340 INFO o.a.j.e.u.CompoundVariable: Note: Function class names must not contain the string: '.gui.'
2025-01-28 23:20:26,639 INFO o.a.j.JMeter: Running test (1738095626639)
2025-01-28 23:20:26,685 INFO o.a.j.e.StandardJMeterEngine: Starting ThreadGroup: 1 : Thread Group
2025-01-28 23:20:26,685 INFO o.a.j.e.StandardJMeterEngine: Starting 2 threads for group Thread Group.
2025-01-28 23:20:26,685 INFO o.a.j.e.StandardJMeterEngine: Thread will continue on error
2025-01-28 23:20:26,685 INFO o.a.j.t.ThreadGroup: Starting thread group... number=1 threads=2 ramp-up=2 delayedStart=false
2025-01-28 23:20:26,692 INFO o.a.j.t.ThreadGroup: Started thread group number 1
2025-01-28 23:20:26,692 INFO o.a.j.e.StandardJMeterEngine: All thread groups have been started
2025-01-28 23:20:26,693 INFO o.a.j.t.JMeterThread: Thread started: Thread Group 1-1
2025-01-28 23:20:26,715 INFO o.a.j.p.h.s.HTTPHCAbstractImpl: Local host = Datalonga
2025-01-28 23:20:26,724 INFO o.a.j.p.h.s.HTTPHC4Impl: HTTP request retry count = 0
2025-01-28 23:20:26,725 INFO o.a.j.s.SampleResult: Note: Sample TimeStamps are START times
2025-01-28 23:20:26,725 INFO o.a.j.s.SampleResult: sampleresult.default.encoding is set to UTF-8
2025-01-28 23:20:26,725 INFO o.a.j.s.SampleResult: sampleresult.useNanoTime=true
2025-01-28 23:20:26,725 INFO o.a.j.s.SampleResult: sampleresult.nanoThreadSleep=5000
2025-01-28 23:20:27,687 INFO o.a.j.t.JMeterThread: Thread started: Thread Group 1-2
2025-01-28 23:21:05,093 INFO o.a.j.r.Summariser: summary +      7 in 00:00:38 =    0.2/s Avg:  8864 Min:   673 Max: 22402 Err:     0 (0.00%) Active: 2 Started: 2 Finished: 0
2025-01-28 23:21:15,532 INFO o.a.j.t.JMeterThread: Thread is done: Thread Group 1-1
2025-01-28 23:21:15,532 INFO o.a.j.t.JMeterThread: Thread finished: Thread Group 1-1
2025-01-28 23:21:15,657 INFO o.a.j.t.JMeterThread: Thread is done: Thread Group 1-2
2025-01-28 23:21:15,659 INFO o.a.j.t.JMeterThread: Thread finished: Thread Group 1-2
2025-01-28 23:21:15,659 INFO o.a.j.e.StandardJMeterEngine: Notifying test listeners of end of test
2025-01-28 23:21:15,659 INFO o.a.j.r.Summariser: summary +      5 in 00:00:11 =    0.5/s Avg:  6929 Min:   623 Max: 22868 Err:     0 (0.00%) Active: 0 Started: 2 Finished: 2
2025-01-28 23:21:15,663 INFO o.a.j.r.Summariser: summary =     12 in 00:00:49 =    0.2/s Avg:  8057 Min:   623 Max: 22868 Err:     0 (0.00%)
